16:08:31 INFO  : Registering command handlers for SDK TCF services
16:08:32 INFO  : Launching XSCT server: xsct.bat -interactive C:\TEMP\3610\1928777_1935516\lab2\Lab2.sdk\temp_xsdb_launch_script.tcl
16:08:35 INFO  : XSCT server has started successfully.
16:08:35 INFO  : Successfully done setting XSCT server connection channel  
16:08:38 INFO  : Successfully done setting SDK workspace  
16:08:38 INFO  : Processing command line option -hwspec C:/TEMP/3610/1928777_1935516/lab2/Lab2.sdk/design_1_wrapper.hdf.
16:28:32 INFO  : Saving repository preferences.
16:28:32 INFO  : Reading in cores from local repositories: 
		 C:\TEMP\INF3610\ucos_v1_44
		 C:\TEMP\INF3610\ucos_v1_44\ucos
16:28:32 INFO  : Cleaning BSP projects in the workspace.
16:36:06 INFO  : Connected to target on host '127.0.0.1' and port '3121'.
16:37:40 INFO  : Connected to target on host '127.0.0.1' and port '3121'.
16:37:40 INFO  : 'targets -set -filter {jtag_cable_name =~ "Digilent Zed 210248775230" && level==0} -index 1' command is executed.
16:37:43 INFO  : FPGA configured successfully with bitstream "C:/TEMP/3610/1928777_1935516/lab2/Lab2.sdk/design_1_wrapper_hw_platform_0/design_1_wrapper.bit"
16:40:15 INFO  : 'targets -set -filter {jtag_cable_name =~ "Digilent Zed 210248775230" && level==0} -index 1' command is executed.
16:40:15 INFO  : 'fpga -state' command is executed.
16:40:15 INFO  : Connected to target on host '127.0.0.1' and port '3121'.
16:40:15 INFO  : Jtag cable 'Digilent Zed 210248775230' is selected.
16:40:15 INFO  : 'jtag frequency' command is executed.
16:40:15 INFO  : Sourcing of 'C:/TEMP/3610/1928777_1935516/lab2/Lab2.sdk/design_1_wrapper_hw_platform_0/ps7_init.tcl' is done.
16:40:15 INFO  : Context for 'APU' is selected.
16:40:15 INFO  : Hardware design information is loaded from 'C:/TEMP/3610/1928777_1935516/lab2/Lab2.sdk/design_1_wrapper_hw_platform_0/system.hdf'.
16:40:15 INFO  : 'configparams force-mem-access 1' command is executed.
16:40:15 INFO  : Context for 'APU' is selected.
16:40:15 INFO  : 'stop' command is executed.
16:40:16 INFO  : 'ps7_init' command is executed.
16:40:16 INFO  : 'ps7_post_config' command is executed.
16:40:16 INFO  : Context for processor 'ps7_cortexa9_0' is selected.
16:40:16 INFO  : Processor reset is completed for 'ps7_cortexa9_0'.
16:40:16 INFO  : Context for processor 'ps7_cortexa9_0' is selected.
16:40:16 INFO  : The application 'C:/TEMP/3610/1928777_1935516/lab2/Lab2.sdk/Test/Debug/Test.elf' is downloaded to processor 'ps7_cortexa9_0'.
16:40:16 INFO  : 'configparams force-mem-access 0' command is executed.
16:40:16 INFO  : ----------------XSDB Script----------------
connect -url tcp:127.0.0.1:3121
source C:/TEMP/3610/1928777_1935516/lab2/Lab2.sdk/design_1_wrapper_hw_platform_0/ps7_init.tcl
targets -set -nocase -filter {name =~"APU*" && jtag_cable_name =~ "Digilent Zed 210248775230"} -index 0
loadhw -hw C:/TEMP/3610/1928777_1935516/lab2/Lab2.sdk/design_1_wrapper_hw_platform_0/system.hdf -mem-ranges [list {0x40000000 0xbfffffff}]
configparams force-mem-access 1
targets -set -nocase -filter {name =~"APU*" && jtag_cable_name =~ "Digilent Zed 210248775230"} -index 0
stop
ps7_init
ps7_post_config
targets -set -nocase -filter {name =~ "ARM*#0" && jtag_cable_name =~ "Digilent Zed 210248775230"} -index 0
rst -processor
targets -set -nocase -filter {name =~ "ARM*#0" && jtag_cable_name =~ "Digilent Zed 210248775230"} -index 0
dow C:/TEMP/3610/1928777_1935516/lab2/Lab2.sdk/Test/Debug/Test.elf
configparams force-mem-access 0
----------------End of Script----------------

16:40:16 INFO  : Context for processor 'ps7_cortexa9_0' is selected.
16:40:16 INFO  : 'con' command is executed.
16:40:16 INFO  : ----------------XSDB Script (After Launch)----------------
targets -set -nocase -filter {name =~ "ARM*#0" && jtag_cable_name =~ "Digilent Zed 210248775230"} -index 0
con
----------------End of Script----------------

16:40:16 INFO  : Disconnected from the channel tcfchan#1.
16:40:41 INFO  : 'targets -set -filter {jtag_cable_name =~ "Digilent Zed 210248775230" && level==0} -index 1' command is executed.
16:40:41 INFO  : 'fpga -state' command is executed.
16:40:41 INFO  : Connected to target on host '127.0.0.1' and port '3121'.
16:40:41 INFO  : Jtag cable 'Digilent Zed 210248775230' is selected.
16:40:41 INFO  : 'jtag frequency' command is executed.
16:40:41 INFO  : Sourcing of 'C:/TEMP/3610/1928777_1935516/lab2/Lab2.sdk/design_1_wrapper_hw_platform_0/ps7_init.tcl' is done.
16:40:41 INFO  : Context for 'APU' is selected.
16:40:43 INFO  : Hardware design information is loaded from 'C:/TEMP/3610/1928777_1935516/lab2/Lab2.sdk/design_1_wrapper_hw_platform_0/system.hdf'.
16:40:43 INFO  : 'configparams force-mem-access 1' command is executed.
16:40:44 INFO  : Context for 'APU' is selected.
16:40:44 INFO  : 'stop' command is executed.
16:40:44 INFO  : 'ps7_init' command is executed.
16:40:44 INFO  : 'ps7_post_config' command is executed.
16:40:44 INFO  : Context for processor 'ps7_cortexa9_0' is selected.
16:40:44 INFO  : Processor reset is completed for 'ps7_cortexa9_0'.
16:40:44 INFO  : Context for processor 'ps7_cortexa9_0' is selected.
16:40:44 INFO  : The application 'C:/TEMP/3610/1928777_1935516/lab2/Lab2.sdk/Test/Debug/Test.elf' is downloaded to processor 'ps7_cortexa9_0'.
16:40:44 INFO  : 'configparams force-mem-access 0' command is executed.
16:40:44 INFO  : ----------------XSDB Script----------------
connect -url tcp:127.0.0.1:3121
source C:/TEMP/3610/1928777_1935516/lab2/Lab2.sdk/design_1_wrapper_hw_platform_0/ps7_init.tcl
targets -set -nocase -filter {name =~"APU*" && jtag_cable_name =~ "Digilent Zed 210248775230"} -index 0
loadhw -hw C:/TEMP/3610/1928777_1935516/lab2/Lab2.sdk/design_1_wrapper_hw_platform_0/system.hdf -mem-ranges [list {0x40000000 0xbfffffff}]
configparams force-mem-access 1
targets -set -nocase -filter {name =~"APU*" && jtag_cable_name =~ "Digilent Zed 210248775230"} -index 0
stop
ps7_init
ps7_post_config
targets -set -nocase -filter {name =~ "ARM*#0" && jtag_cable_name =~ "Digilent Zed 210248775230"} -index 0
rst -processor
targets -set -nocase -filter {name =~ "ARM*#0" && jtag_cable_name =~ "Digilent Zed 210248775230"} -index 0
dow C:/TEMP/3610/1928777_1935516/lab2/Lab2.sdk/Test/Debug/Test.elf
configparams force-mem-access 0
----------------End of Script----------------

16:40:44 INFO  : Context for processor 'ps7_cortexa9_0' is selected.
16:40:44 INFO  : 'con' command is executed.
16:40:44 INFO  : ----------------XSDB Script (After Launch)----------------
targets -set -nocase -filter {name =~ "ARM*#0" && jtag_cable_name =~ "Digilent Zed 210248775230"} -index 0
con
----------------End of Script----------------

16:40:44 INFO  : Disconnected from the channel tcfchan#2.
