11:32:43 INFO  : Registering command handlers for SDK TCF services
11:32:44 INFO  : Launching XSCT server: xsct.bat -interactive C:\TEMP\INF3610\3610\1928777_1935516\lab2\temp_xsdb_launch_script.tcl
11:32:47 INFO  : XSCT server has started successfully.
11:32:47 INFO  : Successfully done setting XSCT server connection channel  
11:32:49 INFO  : Successfully done setting SDK workspace  
11:33:46 INFO  : Saving repository preferences.
11:33:46 INFO  : Reading in cores from local repositories: 
		 C:\TEMP\INF3610\ucos_v1_44\ucos
		 C:\TEMP\INF3610\ucos_v1_44
11:33:47 INFO  : Cleaning BSP projects in the workspace.
11:36:07 INFO  : Project 'system_hw_platform_0' created. You can now create BSPs and application projects targeting this hardware platform.
11:37:55 INFO  : Project 'design_1_wrapper_hw_platform_0' created. You can now create BSPs and application projects targeting this hardware platform.
11:59:07 INFO  : Registering command handlers for SDK TCF services
11:59:07 INFO  : Launching XSCT server: xsct.bat -interactive C:\TEMP\INF3610\3610\1928777_1935516\lab2\temp_xsdb_launch_script.tcl
11:59:09 INFO  : XSCT server has started successfully.
11:59:09 INFO  : Successfully done setting XSCT server connection channel  
11:59:10 INFO  : Restoring local repository preferences: 
		 C:\TEMP\INF3610\ucos_v1_44\ucos
		 C:\TEMP\INF3610\ucos_v1_44
11:59:10 INFO  : Successfully done setting SDK workspace  
11:59:10 INFO  : Processing command line option -hwspec C:/TEMP/INF3610/3610/1928777_1935516/lab2/Lab2.sdk/design_1_wrapper.hdf.
11:59:17 INFO  : Launching XSCT server: xsct.bat -interactive C:\TEMP\INF3610\3610\1928777_1935516\lab2\temp_xsdb_launch_script.tcl
11:59:19 INFO  : XSCT server has started successfully.
11:59:19 INFO  : Successfully done setting XSCT server connection channel  
11:59:26 INFO  : Successfully done setting SDK workspace  
11:59:29 INFO  : Registering command handlers for SDK TCF services
11:59:29 INFO  : Restoring local repository preferences: 
		 C:\TEMP\INF3610\ucos_v1_44\ucos
		 C:\TEMP\INF3610\ucos_v1_44
11:59:30 INFO  : Processing command line option -hwspec C:/TEMP/INF3610/3610/1928777_1935516/lab2/Lab2.sdk/design_1_wrapper.hdf.
11:59:30 INFO  : Checking for hwspec changes in the project design_1_wrapper_hw_platform_1.
11:59:30 INFO  : SDK has detected change in the last modified timestamps for source hardware specification file Source:1583426657366,  Project:1583252764400
11:59:30 INFO  : The hardware specification for project 'design_1_wrapper_hw_platform_1' is different from C:/TEMP/INF3610/3610/1928777_1935516/lab2/Lab2.sdk/design_1_wrapper.hdf.
11:59:37 INFO  : SDK has detected change in the last modified timestamps for source hardware specification file Source:1583426657404,  Project:1583252514733
11:59:37 INFO  : Project design_1_wrapper_hw_platform_0's source hardware specification located at C:\TEMP\INF3610\3610\1928777_1935516\lab2\Lab2.sdk\design_1_wrapper_hw_platform_0\system.hdf is now different from the local copy.
		 The local copy will be replaced with the source specification and your workspace will be updated.
12:00:01 INFO  : Copied contents of C:\TEMP\INF3610\3610\1928777_1935516\lab2\Lab2.sdk\design_1_wrapper_hw_platform_0\system.hdf into \design_1_wrapper_hw_platform_0\system.hdf.
12:00:05 INFO  : Synchronizing projects in the workspace with the hardware platform specification changes.
12:00:10 INFO  : 
12:00:11 INFO  : Clearing existing target manager status.
12:00:11 INFO  : Copied contents of C:/TEMP/INF3610/3610/1928777_1935516/lab2/Lab2.sdk/design_1_wrapper.hdf into \design_1_wrapper_hw_platform_1\system.hdf.
12:00:14 INFO  : Synchronizing projects in the workspace with the hardware platform specification changes.
12:00:14 INFO  : Clearing existing target manager status.
12:00:14 INFO  : Workspace synchronized with the new hardware specification file. Cleaning dependent projects...
12:00:14 WARN  : Linker script will not be updated automatically. Users need to update it manually.
12:00:16 INFO  : SDK has detected change in the last modified timestamps for source hardware specification file Source:1583426657404,  Project:1583252514733
12:00:16 INFO  : Project system_hw_platform_0's source hardware specification located at C:\TEMP\INF3610\3610\1928777_1935516\lab2\Lab2.sdk\design_1_wrapper_hw_platform_0\system.hdf is now different from the local copy.
		 The local copy will be replaced with the source specification and your workspace will be updated.
12:00:16 INFO  : Copied contents of C:\TEMP\INF3610\3610\1928777_1935516\lab2\Lab2.sdk\design_1_wrapper_hw_platform_0\system.hdf into \system_hw_platform_0\system.hdf.
12:00:45 INFO  : Synchronizing projects in the workspace with the hardware platform specification changes.
12:00:45 INFO  : Clearing existing target manager status.
12:00:45 INFO  : Workspace synchronized with the new hardware specification file. Cleaning dependent projects...
12:00:45 WARN  : Linker script will not be updated automatically. Users need to update it manually.
12:02:23 INFO  : Connected to target on host '127.0.0.1' and port '3121'.
12:02:24 INFO  : 'targets -set -filter {jtag_cable_name =~ "Digilent Zed 210248685962" && level==0} -index 1' command is executed.
12:02:26 INFO  : FPGA configured successfully with bitstream "C:/TEMP/INF3610/3610/1928777_1935516/lab2/design_1_wrapper_hw_platform_0/design_1_wrapper.bit"
